<?xml version="1.0" encoding="UTF-8"?>
<testsuite name="TwoSumTest" tests="2" skipped="0" failures="0" errors="0" timestamp="2020-05-18T08:06:28" hostname="ID-LW11139-M.local" time="0.003">
  <properties/>
  <testcase name="1" classname="TwoSumTest" time="0.003"/>
  <testcase name="2" classname="TwoSumTest" time="0.0"/>
  <system-out><![CDATA[]]></system-out>
  <system-err><![CDATA[]]></system-err>
</testsuite>
